<?xml version="1.0" encoding="UTF-8"?>
<!-- Generated by org.testng.reporters.JUnitReportReporter -->
<testsuite hostname="CSCO-W-PF2RQECH" failures="0" tests="1" name="phase2project.Mavenjava.SeleniumTest" time="24.385" errors="0" timestamp="2021-11-30T15:53:13 IST" skipped="0">
  <testcase classname="phase2project.Mavenjava.SeleniumTest" name="titleVerification" time="24.385"/>
  <system-out/>
</testsuite> <!-- phase2project.Mavenjava.SeleniumTest -->
