<?xml version="1.0" encoding="UTF-8"?>
<!-- Generated by org.testng.reporters.JUnitReportReporter -->
<testsuite hostname="CSCO-W-PF2RQECH" failures="0" tests="2" name="phase2project.testscriptsofFeature.TestRunner" time="23.724" errors="0" timestamp="2021-11-26T12:40:24 IST" skipped="0">
  <testcase classname="phase2project.testscriptsofFeature.TestRunner" name="runScenario" time="12.654"/>
  <system-out/>
  <testcase classname="phase2project.testscriptsofFeature.TestRunner" name="runScenario" time="11.070"/>
  <system-out/>
</testsuite> <!-- phase2project.testscriptsofFeature.TestRunner -->
